# JRE version: OpenJDK Runtime Environment (8.0_242-b01) (build 1.8.0_242-release-1644-b01)
# Java VM: OpenJDK 64-Bit Server VM (25.242-b01 mixed mode windows-amd64 compressed oops)
Heap:
 PSYoungGen      total 263168K, used 74839K [0x00000000e0000000, 0x00000000f1d00000, 0x0000000100000000)
  eden space 244224K, 22% used [0x00000000e0000000,0x00000000e369d9c0,0x00000000eee80000)
  from space 18944K, 99% used [0x00000000f0580000,0x00000000f17f84c0,0x00000000f1800000)
  to   space 23552K, 0% used [0x00000000eee80000,0x00000000eee80000,0x00000000f0580000)
 ParOldGen       total 88576K, used 42865K [0x00000000a0000000, 0x00000000a5680000, 0x00000000e0000000)
  object space 88576K, 48% used [0x00000000a0000000,0x00000000a29dc4b8,0x00000000a5680000)
 Metaspace       used 64824K, capacity 67924K, committed 68136K, reserved 1107968K
  class space    used 8874K, capacity 9664K, committed 9768K, reserved 1048576K
GC Heap History (10 events):
Event: 88.583 GC heap before
{Heap before GC invocations=13 (full 2):
 PSYoungGen      total 171520K, used 159744K [0x00000000e0000000, 0x00000000ec180000, 0x0000000100000000)
  eden space 159744K, 100% used [0x00000000e0000000,0x00000000e9c00000,0x00000000e9c00000)
  from space 11776K, 0% used [0x00000000ea700000,0x00000000ea700000,0x00000000eb280000)
  to   space 11264K, 0% used [0x00000000e9c00000,0x00000000e9c00000,0x00000000ea700000)
 ParOldGen       total 52736K, used 16639K [0x00000000a0000000, 0x00000000a3380000, 0x00000000e0000000)
  object space 52736K, 31% used [0x00000000a0000000,0x00000000a103fd48,0x00000000a3380000)
 Metaspace       used 46625K, capacity 47800K, committed 48168K, reserved 1091584K
  class space    used 6208K, capacity 6578K, committed 6696K, reserved 1048576K
Event: 88.627 GC heap after
Heap after GC invocations=13 (full 2):
 PSYoungGen      total 171008K, used 11259K [0x00000000e0000000, 0x00000000ee380000, 0x0000000100000000)
  eden space 159744K, 0% used [0x00000000e0000000,0x00000000e0000000,0x00000000e9c00000)
  from space 11264K, 99% used [0x00000000e9c00000,0x00000000ea6fed80,0x00000000ea700000)
  to   space 15360K, 0% used [0x00000000ed480000,0x00000000ed480000,0x00000000ee380000)
 ParOldGen       total 52736K, used 22974K [0x00000000a0000000, 0x00000000a3380000, 0x00000000e0000000)
  object space 52736K, 43% used [0x00000000a0000000,0x00000000a166fa10,0x00000000a3380000)
 Metaspace       used 46625K, capacity 47800K, committed 48168K, reserved 1091584K
  class space    used 6208K, capacity 6578K, committed 6696K, reserved 1048576K
}
Event: 104.930 GC heap before
{Heap before GC invocations=14 (full 2):
 PSYoungGen      total 171008K, used 171003K [0x00000000e0000000, 0x00000000ee380000, 0x0000000100000000)
  eden space 159744K, 100% used [0x00000000e0000000,0x00000000e9c00000,0x00000000e9c00000)
  from space 11264K, 99% used [0x00000000e9c00000,0x00000000ea6fed80,0x00000000ea700000)
  to   space 15360K, 0% used [0x00000000ed480000,0x00000000ed480000,0x00000000ee380000)
 ParOldGen       total 52736K, used 22974K [0x00000000a0000000, 0x00000000a3380000, 0x00000000e0000000)
  object space 52736K, 43% used [0x00000000a0000000,0x00000000a166fa10,0x00000000a3380000)
 Metaspace       used 54635K, capacity 56408K, committed 56616K, reserved 1097728K
  class space    used 7437K, capacity 7904K, committed 7976K, reserved 1048576K
Event: 105.083 GC heap after
Heap after GC invocations=14 (full 2):
 PSYoungGen      total 215552K, used 15333K [0x00000000e0000000, 0x00000000ee780000, 0x0000000100000000)
  eden space 200192K, 0% used [0x00000000e0000000,0x00000000e0000000,0x00000000ec380000)
  from space 15360K, 99% used [0x00000000ed480000,0x00000000ee3795c0,0x00000000ee380000)
  to   space 17408K, 0% used [0x00000000ec380000,0x00000000ec380000,0x00000000ed480000)
 ParOldGen       total 52736K, used 32040K [0x00000000a0000000, 0x00000000a3380000, 0x00000000e0000000)
  object space 52736K, 60% used [0x00000000a0000000,0x00000000a1f4a0a8,0x00000000a3380000)
 Metaspace       used 54635K, capacity 56408K, committed 56616K, reserved 1097728K
  class space    used 7437K, capacity 7904K, committed 7976K, reserved 1048576K
}
Event: 111.205 GC heap before
{Heap before GC invocations=15 (full 2):
 PSYoungGen      total 215552K, used 68554K [0x00000000e0000000, 0x00000000ee780000, 0x0000000100000000)
  eden space 200192K, 26% used [0x00000000e0000000,0x00000000e33f9350,0x00000000ec380000)
  from space 15360K, 99% used [0x00000000ed480000,0x00000000ee3795c0,0x00000000ee380000)
  to   space 17408K, 0% used [0x00000000ec380000,0x00000000ec380000,0x00000000ed480000)
 ParOldGen       total 52736K, used 32040K [0x00000000a0000000, 0x00000000a3380000, 0x00000000e0000000)
  object space 52736K, 60% used [0x00000000a0000000,0x00000000a1f4a0a8,0x00000000a3380000)
 Metaspace       used 57082K, capacity 59034K, committed 59160K, reserved 1099776K
  class space    used 7727K, capacity 8286K, committed 8360K, reserved 1048576K
Event: 111.228 GC heap after
Heap after GC invocations=15 (full 2):
 PSYoungGen      total 217600K, used 14150K [0x00000000e0000000, 0x00000000f1800000, 0x0000000100000000)
  eden space 200192K, 0% used [0x00000000e0000000,0x00000000e0000000,0x00000000ec380000)
  from space 17408K, 81% used [0x00000000ec380000,0x00000000ed151ba8,0x00000000ed480000)
  to   space 18944K, 0% used [0x00000000f0580000,0x00000000f0580000,0x00000000f1800000)
 ParOldGen       total 52736K, used 32112K [0x00000000a0000000, 0x00000000a3380000, 0x00000000e0000000)
  object space 52736K, 60% used [0x00000000a0000000,0x00000000a1f5c0b8,0x00000000a3380000)
 Metaspace       used 57082K, capacity 59034K, committed 59160K, reserved 1099776K
  class space    used 7727K, capacity 8286K, committed 8360K, reserved 1048576K
}
Event: 111.228 GC heap before
{Heap before GC invocations=16 (full 3):
 PSYoungGen      total 217600K, used 14150K [0x00000000e0000000, 0x00000000f1800000, 0x0000000100000000)
  eden space 200192K, 0% used [0x00000000e0000000,0x00000000e0000000,0x00000000ec380000)
  from space 17408K, 81% used [0x00000000ec380000,0x00000000ed151ba8,0x00000000ed480000)
  to   space 18944K, 0% used [0x00000000f0580000,0x00000000f0580000,0x00000000f1800000)
 ParOldGen       total 52736K, used 32112K [0x00000000a0000000, 0x00000000a3380000, 0x00000000e0000000)
  object space 52736K, 60% used [0x00000000a0000000,0x00000000a1f5c0b8,0x00000000a3380000)
 Metaspace       used 57082K, capacity 59034K, committed 59160K, reserved 1099776K
  class space    used 7727K, capacity 8286K, committed 8360K, reserved 1048576K
Event: 111.695 GC heap after
Heap after GC invocations=16 (full 3):
 PSYoungGen      total 217600K, used 0K [0x00000000e0000000, 0x00000000f1800000, 0x0000000100000000)
  eden space 200192K, 0% used [0x00000000e0000000,0x00000000e0000000,0x00000000ec380000)
  from space 17408K, 0% used [0x00000000ec380000,0x00000000ec380000,0x00000000ed480000)
  to   space 18944K, 0% used [0x00000000f0580000,0x00000000f0580000,0x00000000f1800000)
 ParOldGen       total 88576K, used 37212K [0x00000000a0000000, 0x00000000a5680000, 0x00000000e0000000)
  object space 88576K, 42% used [0x00000000a0000000,0x00000000a2457198,0x00000000a5680000)
 Metaspace       used 57082K, capacity 59034K, committed 59160K, reserved 1099776K
  class space    used 7727K, capacity 8286K, committed 8360K, reserved 1048576K
}
Event: 143.688 GC heap before
{Heap before GC invocations=17 (full 3):
 PSYoungGen      total 217600K, used 200192K [0x00000000e0000000, 0x00000000f1800000, 0x0000000100000000)
  eden space 200192K, 100% used [0x00000000e0000000,0x00000000ec380000,0x00000000ec380000)
  from space 17408K, 0% used [0x00000000ec380000,0x00000000ec380000,0x00000000ed480000)
  to   space 18944K, 0% used [0x00000000f0580000,0x00000000f0580000,0x00000000f1800000)
 ParOldGen       total 88576K, used 37212K [0x00000000a0000000, 0x00000000a5680000, 0x00000000e0000000)
  object space 88576K, 42% used [0x00000000a0000000,0x00000000a2457198,0x00000000a5680000)
 Metaspace       used 63813K, capacity 66706K, committed 66856K, reserved 1105920K
  class space    used 8719K, capacity 9466K, committed 9512K, reserved 1048576K
Event: 143.805 GC heap after
Heap after GC invocations=17 (full 3):
 PSYoungGen      total 263168K, used 18913K [0x00000000e0000000, 0x00000000f1d00000, 0x0000000100000000)
  eden space 244224K, 0% used [0x00000000e0000000,0x00000000e0000000,0x00000000eee80000)
  from space 18944K, 99% used [0x00000000f0580000,0x00000000f17f84c0,0x00000000f1800000)
  to   space 23552K, 0% used [0x00000000eee80000,0x00000000eee80000,0x00000000f0580000)
 ParOldGen       total 88576K, used 42865K [0x00000000a0000000, 0x00000000a5680000, 0x00000000e0000000)
  object space 88576K, 48% used [0x00000000a0000000,0x00000000a29dc4b8,0x00000000a5680000)
 Metaspace       used 63813K, capacity 66706K, committed 66856K, reserved 1105920K
  class space    used 8719K, capacity 9466K, committed 9512K, reserved 1048576K
}

